2019-03-09 23:37:04,491 [INFO] from org.springframework.boot.test.context.SpringBootTestContextBootstrapper.buildDefaultMergedContextConfiguration(308) in main - Neither @ContextConfiguration nor @ContextHierarchy found for test class [com.app.kotlinkcrud.controllerTest.MainControllerTests], using SpringBootContextLoader
2019-03-09 23:37:04,499 [INFO] from org.springframework.test.context.support.AbstractContextLoader.generateDefaultLocations(264) in main - Could not detect default resource locations for test class [com.app.kotlinkcrud.controllerTest.MainControllerTests]: no resource found for suffixes {-context.xml, Context.groovy}.
2019-03-09 23:37:04,501 [INFO] from org.springframework.test.context.support.AnnotationConfigContextLoaderUtils.detectDefaultConfigurationClasses(83) in main - Could not detect default configuration classes for test class [com.app.kotlinkcrud.controllerTest.MainControllerTests]: MainControllerTests does not declare any static, non-private, non-final, nested classes annotated with @Configuration.
2019-03-09 23:37:04,854 [INFO] from org.springframework.boot.test.context.SpringBootTestContextBootstrapper.getOrFindConfigurationClasses(247) in main - Found @SpringBootConfiguration com.app.kotlinkcrud.KotlinkcrudApplication for test class com.app.kotlinkcrud.controllerTest.MainControllerTests
2019-03-09 23:37:05,038 [INFO] from org.springframework.boot.test.context.SpringBootTestContextBootstrapper.getDefaultTestExecutionListenerClassNames(248) in main - Loaded default TestExecutionListener class names from location [META-INF/spring.factories]: [com.ninjasquad.springmockk.MockkTestExecutionListener, com.ninjasquad.springmockk.ClearMocksTestExecutionListener, org.springframework.boot.test.autoconfigure.restdocs.RestDocsTestExecutionListener, org.springframework.boot.test.autoconfigure.web.client.MockRestServiceServerResetTestExecutionListener, org.springframework.boot.test.autoconfigure.web.servlet.MockMvcPrintOnlyOnFailureTestExecutionListener, org.springframework.boot.test.autoconfigure.web.servlet.WebDriverTestExecutionListener, org.springframework.boot.test.mock.mockito.MockitoTestExecutionListener, org.springframework.boot.test.mock.mockito.ResetMocksTestExecutionListener, org.springframework.test.context.web.ServletTestExecutionListener, org.springframework.test.context.support.DirtiesContextBeforeModesTestExecutionListener, org.springframework.test.context.support.DependencyInjectionTestExecutionListener, org.springframework.test.context.support.DirtiesContextTestExecutionListener, org.springframework.test.context.transaction.TransactionalTestExecutionListener, org.springframework.test.context.jdbc.SqlScriptsTestExecutionListener]
2019-03-09 23:37:05,638 [INFO] from org.springframework.boot.test.context.SpringBootTestContextBootstrapper.getTestExecutionListeners(177) in main - Using TestExecutionListeners: [org.springframework.test.context.web.ServletTestExecutionListener@1d2bd371, org.springframework.test.context.support.DirtiesContextBeforeModesTestExecutionListener@44040454, com.ninjasquad.springmockk.MockkTestExecutionListener@65fe9e33, org.springframework.boot.test.mock.mockito.MockitoTestExecutionListener@18bc345, org.springframework.boot.test.autoconfigure.SpringBootDependencyInjectionTestExecutionListener@42f8285e, org.springframework.test.context.support.DirtiesContextTestExecutionListener@26bab2f1, org.springframework.test.context.transaction.TransactionalTestExecutionListener@3724af13, org.springframework.test.context.jdbc.SqlScriptsTestExecutionListener@68ead359, com.ninjasquad.springmockk.ClearMocksTestExecutionListener@6b53bcc2, org.springframework.boot.test.autoconfigure.restdocs.RestDocsTestExecutionListener@180da663, org.springframework.boot.test.autoconfigure.web.client.MockRestServiceServerResetTestExecutionListener@a43ce46, org.springframework.boot.test.autoconfigure.web.servlet.MockMvcPrintOnlyOnFailureTestExecutionListener@340da44c, org.springframework.boot.test.autoconfigure.web.servlet.WebDriverTestExecutionListener@424ebba3, org.springframework.boot.test.mock.mockito.ResetMocksTestExecutionListener@37052337]
2019-03-09 23:37:06,850 [INFO] from com.app.kotlinkcrud.controllerTest.MainControllerTests.logStarting(50) in main - Starting MainControllerTests on sharanjaa-HP with PID 14141 (started by sharanjaa in /home/sharanjaa/IdeaProjects/hms-kotlin-crud)
2019-03-09 23:37:06,852 [INFO] from com.app.kotlinkcrud.controllerTest.MainControllerTests.logStartupProfileInfo(675) in main - No active profile set, falling back to default profiles: default
2019-03-09 23:37:09,104 [INFO] from org.springframework.data.repository.config.RepositoryConfigurationDelegate.registerRepositoriesIn(126) in main - Bootstrapping Spring Data repositories in DEFAULT mode.
2019-03-09 23:37:09,217 [INFO] from org.springframework.data.repository.config.RepositoryConfigurationDelegate.registerRepositoriesIn(182) in main - Finished Spring Data repository scanning in 86ms. Found 1 repository interfaces.
2019-03-09 23:37:10,224 [INFO] from org.springframework.context.support.PostProcessorRegistrationDelegate$BeanPostProcessorChecker.postProcessAfterInitialization(330) in main - Bean 'org.springframework.transaction.annotation.ProxyTransactionManagementConfiguration' of type [org.springframework.transaction.annotation.ProxyTransactionManagementConfiguration$$EnhancerBySpringCGLIB$$92ade05c] is not eligible for getting processed by all BeanPostProcessors (for example: not eligible for auto-proxying)
2019-03-09 23:37:11,195 [INFO] from org.springframework.boot.web.embedded.tomcat.TomcatWebServer.initialize(90) in main - Tomcat initialized with port(s): 0 (http)
2019-03-09 23:37:11,547 [INFO] from org.springframework.web.context.ContextLoader.prepareWebApplicationContext(296) in main - Root WebApplicationContext: initialization completed in 4647 ms
2019-03-09 23:37:12,181 [INFO] from com.zaxxer.hikari.HikariDataSource.getConnection(110) in main - HikariPool-1 - Starting...
2019-03-09 23:37:12,518 [INFO] from com.zaxxer.hikari.HikariDataSource.getConnection(123) in main - HikariPool-1 - Start completed.
2019-03-09 23:37:12,767 [INFO] from org.hibernate.jpa.internal.util.LogHelper.logPersistenceUnitInformation(31) in main - HHH000204: Processing PersistenceUnitInfo [
	name: default
	...]
2019-03-09 23:37:13,078 [INFO] from org.hibernate.Version.logVersion(46) in main - HHH000412: Hibernate Core {5.3.7.Final}
2019-03-09 23:37:13,082 [INFO] from org.hibernate.cfg.Environment.<clinit>(213) in main - HHH000206: hibernate.properties not found
2019-03-09 23:37:13,585 [INFO] from org.hibernate.annotations.common.Version.<clinit>(49) in main - HCANN000001: Hibernate Commons Annotations {5.0.4.Final}
2019-03-09 23:37:13,875 [INFO] from org.hibernate.dialect.Dialect.<init>(157) in main - HHH000400: Using dialect: org.hibernate.dialect.MySQL5InnoDBDialect
2019-03-09 23:37:15,162 [INFO] from org.springframework.orm.jpa.LocalContainerEntityManagerFactoryBean.buildNativeEntityManagerFactory(415) in main - Initialized JPA EntityManagerFactory for persistence unit 'default'
2019-03-09 23:37:17,039 [WARN] from org.springframework.boot.autoconfigure.orm.jpa.JpaBaseConfiguration$JpaWebConfiguration$JpaWebMvcConfiguration.openEntityManagerInViewInterceptor(236) in main - spring.jpa.open-in-view is enabled by default. Therefore, database queries may be performed during view rendering. Explicitly configure spring.jpa.open-in-view to disable this warning
2019-03-09 23:37:17,473 [INFO] from springfox.documentation.spring.web.PropertySourcedRequestMappingHandlerMapping.initHandlerMethods(69) in main - Mapped URL path [/v2/api-docs] onto method [public org.springframework.http.ResponseEntity<springfox.documentation.spring.web.json.Json> springfox.documentation.swagger2.web.Swagger2Controller.getDocumentation(java.lang.String,javax.servlet.http.HttpServletRequest)]
2019-03-09 23:37:18,063 [INFO] from org.springframework.scheduling.concurrent.ThreadPoolTaskExecutor.initialize(171) in main - Initializing ExecutorService 'applicationTaskExecutor'
2019-03-09 23:37:18,486 [INFO] from org.springframework.boot.autoconfigure.web.servlet.WelcomePageHandlerMapping.<init>(61) in main - Adding welcome page template: index
2019-03-09 23:37:18,924 [INFO] from springfox.documentation.spring.web.plugins.DocumentationPluginsBootstrapper.start(147) in main - Context refreshed
2019-03-09 23:37:18,977 [INFO] from springfox.documentation.spring.web.plugins.DocumentationPluginsBootstrapper.start(150) in main - Found 1 custom documentation plugin(s)
2019-03-09 23:37:19,076 [INFO] from springfox.documentation.spring.web.scanners.ApiListingReferenceScanner.scan(41) in main - Scanning for api listing references
2019-03-09 23:37:19,528 [INFO] from springfox.documentation.spring.web.readers.operation.CachingOperationNameGenerator.startingWith(40) in main - Generating unique operation named: showUpdateFormUsingGET_1
2019-03-09 23:37:19,637 [INFO] from org.springframework.boot.web.embedded.tomcat.TomcatWebServer.start(204) in main - Tomcat started on port(s): 34731 (http) with context path ''
2019-03-09 23:37:19,645 [INFO] from com.app.kotlinkcrud.controllerTest.MainControllerTests.logStarted(59) in main - Started MainControllerTests in 13.932 seconds (JVM running for 18.405)
2019-03-09 23:37:20,272 [INFO] from org.springframework.web.servlet.DispatcherServlet.initServletBean(524) in http-nio-auto-1-exec-1 - Initializing Servlet 'dispatcherServlet'
2019-03-09 23:37:20,302 [INFO] from org.springframework.web.servlet.DispatcherServlet.initServletBean(546) in http-nio-auto-1-exec-1 - Completed initialization in 26 ms
2019-03-09 23:37:20,413 [INFO] from org.hibernate.hql.internal.QueryTranslatorFactoryInitiator.initiateService(47) in http-nio-auto-1-exec-1 - HHH000397: Using ASTQueryTranslatorFactory
2019-03-09 23:37:20,886 [INFO] from org.springframework.mock.web.MockServletContext.log(444) in main - Initializing Spring TestDispatcherServlet ''
2019-03-09 23:37:20,886 [INFO] from org.springframework.test.web.servlet.TestDispatcherServlet.initServletBean(524) in main - Initializing Servlet ''
2019-03-09 23:37:20,887 [INFO] from org.springframework.test.web.servlet.TestDispatcherServlet.initServletBean(546) in main - Completed initialization in 1 ms
2019-03-09 23:37:21,067 [INFO] from com.app.kotlinkcrud.core.controller.MainController.createNewUser(33) in main - --Initiated--
2019-03-09 23:37:21,132 [INFO] from org.springframework.scheduling.concurrent.ThreadPoolTaskExecutor.shutdown(208) in Thread-4 - Shutting down ExecutorService 'applicationTaskExecutor'
2019-03-09 23:37:21,140 [INFO] from org.springframework.orm.jpa.LocalContainerEntityManagerFactoryBean.destroy(597) in Thread-4 - Closing JPA EntityManagerFactory for persistence unit 'default'
2019-03-09 23:37:21,145 [INFO] from com.zaxxer.hikari.HikariDataSource.close(350) in Thread-4 - HikariPool-1 - Shutdown initiated...
2019-03-09 23:37:21,159 [INFO] from com.zaxxer.hikari.HikariDataSource.close(352) in Thread-4 - HikariPool-1 - Shutdown completed.
2019-03-09 23:41:43,782 [INFO] from org.springframework.boot.test.context.SpringBootTestContextBootstrapper.buildDefaultMergedContextConfiguration(308) in main - Neither @ContextConfiguration nor @ContextHierarchy found for test class [com.app.kotlinkcrud.controllerTest.MainControllerTests], using SpringBootContextLoader
2019-03-09 23:41:43,796 [INFO] from org.springframework.test.context.support.AbstractContextLoader.generateDefaultLocations(264) in main - Could not detect default resource locations for test class [com.app.kotlinkcrud.controllerTest.MainControllerTests]: no resource found for suffixes {-context.xml, Context.groovy}.
2019-03-09 23:41:43,798 [INFO] from org.springframework.test.context.support.AnnotationConfigContextLoaderUtils.detectDefaultConfigurationClasses(83) in main - Could not detect default configuration classes for test class [com.app.kotlinkcrud.controllerTest.MainControllerTests]: MainControllerTests does not declare any static, non-private, non-final, nested classes annotated with @Configuration.
2019-03-09 23:41:44,156 [INFO] from org.springframework.boot.test.context.SpringBootTestContextBootstrapper.getOrFindConfigurationClasses(247) in main - Found @SpringBootConfiguration com.app.kotlinkcrud.KotlinkcrudApplication for test class com.app.kotlinkcrud.controllerTest.MainControllerTests
2019-03-09 23:41:44,321 [INFO] from org.springframework.boot.test.context.SpringBootTestContextBootstrapper.getDefaultTestExecutionListenerClassNames(248) in main - Loaded default TestExecutionListener class names from location [META-INF/spring.factories]: [com.ninjasquad.springmockk.MockkTestExecutionListener, com.ninjasquad.springmockk.ClearMocksTestExecutionListener, org.springframework.boot.test.autoconfigure.restdocs.RestDocsTestExecutionListener, org.springframework.boot.test.autoconfigure.web.client.MockRestServiceServerResetTestExecutionListener, org.springframework.boot.test.autoconfigure.web.servlet.MockMvcPrintOnlyOnFailureTestExecutionListener, org.springframework.boot.test.autoconfigure.web.servlet.WebDriverTestExecutionListener, org.springframework.boot.test.mock.mockito.MockitoTestExecutionListener, org.springframework.boot.test.mock.mockito.ResetMocksTestExecutionListener, org.springframework.test.context.web.ServletTestExecutionListener, org.springframework.test.context.support.DirtiesContextBeforeModesTestExecutionListener, org.springframework.test.context.support.DependencyInjectionTestExecutionListener, org.springframework.test.context.support.DirtiesContextTestExecutionListener, org.springframework.test.context.transaction.TransactionalTestExecutionListener, org.springframework.test.context.jdbc.SqlScriptsTestExecutionListener]
2019-03-09 23:41:45,036 [INFO] from org.springframework.boot.test.context.SpringBootTestContextBootstrapper.getTestExecutionListeners(177) in main - Using TestExecutionListeners: [org.springframework.test.context.web.ServletTestExecutionListener@5066d65f, org.springframework.test.context.support.DirtiesContextBeforeModesTestExecutionListener@4233e892, com.ninjasquad.springmockk.MockkTestExecutionListener@77d2e85, org.springframework.boot.test.mock.mockito.MockitoTestExecutionListener@3ecd267f, org.springframework.boot.test.autoconfigure.SpringBootDependencyInjectionTestExecutionListener@58ffcbd7, org.springframework.test.context.support.DirtiesContextTestExecutionListener@555cf22, org.springframework.test.context.transaction.TransactionalTestExecutionListener@6bb2d00b, org.springframework.test.context.jdbc.SqlScriptsTestExecutionListener@3c9bfddc, com.ninjasquad.springmockk.ClearMocksTestExecutionListener@1a9c38eb, org.springframework.boot.test.autoconfigure.restdocs.RestDocsTestExecutionListener@319bc845, org.springframework.boot.test.autoconfigure.web.client.MockRestServiceServerResetTestExecutionListener@4c5474f5, org.springframework.boot.test.autoconfigure.web.servlet.MockMvcPrintOnlyOnFailureTestExecutionListener@2f4205be, org.springframework.boot.test.autoconfigure.web.servlet.WebDriverTestExecutionListener@54e22bdd, org.springframework.boot.test.mock.mockito.ResetMocksTestExecutionListener@3bd418e4]
2019-03-09 23:41:46,263 [INFO] from com.app.kotlinkcrud.controllerTest.MainControllerTests.logStarting(50) in main - Starting MainControllerTests on sharanjaa-HP with PID 14640 (started by sharanjaa in /home/sharanjaa/IdeaProjects/hms-kotlin-crud)
2019-03-09 23:41:46,265 [INFO] from com.app.kotlinkcrud.controllerTest.MainControllerTests.logStartupProfileInfo(675) in main - No active profile set, falling back to default profiles: default
2019-03-09 23:41:47,844 [INFO] from org.springframework.data.repository.config.RepositoryConfigurationDelegate.registerRepositoriesIn(126) in main - Bootstrapping Spring Data repositories in DEFAULT mode.
2019-03-09 23:41:48,012 [INFO] from org.springframework.data.repository.config.RepositoryConfigurationDelegate.registerRepositoriesIn(182) in main - Finished Spring Data repository scanning in 152ms. Found 1 repository interfaces.
2019-03-09 23:41:48,779 [INFO] from org.springframework.context.support.PostProcessorRegistrationDelegate$BeanPostProcessorChecker.postProcessAfterInitialization(330) in main - Bean 'org.springframework.transaction.annotation.ProxyTransactionManagementConfiguration' of type [org.springframework.transaction.annotation.ProxyTransactionManagementConfiguration$$EnhancerBySpringCGLIB$$56c20048] is not eligible for getting processed by all BeanPostProcessors (for example: not eligible for auto-proxying)
2019-03-09 23:41:49,534 [INFO] from org.springframework.boot.web.embedded.tomcat.TomcatWebServer.initialize(90) in main - Tomcat initialized with port(s): 0 (http)
2019-03-09 23:41:49,782 [INFO] from org.springframework.web.context.ContextLoader.prepareWebApplicationContext(296) in main - Root WebApplicationContext: initialization completed in 3467 ms
2019-03-09 23:41:50,293 [INFO] from com.zaxxer.hikari.HikariDataSource.getConnection(110) in main - HikariPool-1 - Starting...
2019-03-09 23:41:50,560 [INFO] from com.zaxxer.hikari.HikariDataSource.getConnection(123) in main - HikariPool-1 - Start completed.
2019-03-09 23:41:50,682 [INFO] from org.hibernate.jpa.internal.util.LogHelper.logPersistenceUnitInformation(31) in main - HHH000204: Processing PersistenceUnitInfo [
	name: default
	...]
2019-03-09 23:41:50,810 [INFO] from org.hibernate.Version.logVersion(46) in main - HHH000412: Hibernate Core {5.3.7.Final}
2019-03-09 23:41:50,813 [INFO] from org.hibernate.cfg.Environment.<clinit>(213) in main - HHH000206: hibernate.properties not found
2019-03-09 23:41:51,083 [INFO] from org.hibernate.annotations.common.Version.<clinit>(49) in main - HCANN000001: Hibernate Commons Annotations {5.0.4.Final}
2019-03-09 23:41:51,359 [INFO] from org.hibernate.dialect.Dialect.<init>(157) in main - HHH000400: Using dialect: org.hibernate.dialect.MySQL5InnoDBDialect
2019-03-09 23:41:52,388 [INFO] from org.springframework.orm.jpa.LocalContainerEntityManagerFactoryBean.buildNativeEntityManagerFactory(415) in main - Initialized JPA EntityManagerFactory for persistence unit 'default'
2019-03-09 23:41:53,721 [WARN] from org.springframework.boot.autoconfigure.orm.jpa.JpaBaseConfiguration$JpaWebConfiguration$JpaWebMvcConfiguration.openEntityManagerInViewInterceptor(236) in main - spring.jpa.open-in-view is enabled by default. Therefore, database queries may be performed during view rendering. Explicitly configure spring.jpa.open-in-view to disable this warning
2019-03-09 23:41:54,145 [INFO] from springfox.documentation.spring.web.PropertySourcedRequestMappingHandlerMapping.initHandlerMethods(69) in main - Mapped URL path [/v2/api-docs] onto method [public org.springframework.http.ResponseEntity<springfox.documentation.spring.web.json.Json> springfox.documentation.swagger2.web.Swagger2Controller.getDocumentation(java.lang.String,javax.servlet.http.HttpServletRequest)]
2019-03-09 23:41:54,666 [INFO] from org.springframework.scheduling.concurrent.ThreadPoolTaskExecutor.initialize(171) in main - Initializing ExecutorService 'applicationTaskExecutor'
2019-03-09 23:41:54,971 [INFO] from org.springframework.boot.autoconfigure.web.servlet.WelcomePageHandlerMapping.<init>(61) in main - Adding welcome page template: index
2019-03-09 23:41:55,281 [INFO] from springfox.documentation.spring.web.plugins.DocumentationPluginsBootstrapper.start(147) in main - Context refreshed
2019-03-09 23:41:55,314 [INFO] from springfox.documentation.spring.web.plugins.DocumentationPluginsBootstrapper.start(150) in main - Found 1 custom documentation plugin(s)
2019-03-09 23:41:55,401 [INFO] from springfox.documentation.spring.web.scanners.ApiListingReferenceScanner.scan(41) in main - Scanning for api listing references
2019-03-09 23:41:55,718 [INFO] from springfox.documentation.spring.web.readers.operation.CachingOperationNameGenerator.startingWith(40) in main - Generating unique operation named: showUpdateFormUsingGET_1
2019-03-09 23:41:55,798 [INFO] from org.springframework.boot.web.embedded.tomcat.TomcatWebServer.start(204) in main - Tomcat started on port(s): 46051 (http) with context path ''
2019-03-09 23:41:55,802 [INFO] from com.app.kotlinkcrud.controllerTest.MainControllerTests.logStarted(59) in main - Started MainControllerTests in 10.717 seconds (JVM running for 13.633)
2019-03-09 23:41:56,337 [INFO] from org.springframework.web.servlet.DispatcherServlet.initServletBean(524) in http-nio-auto-1-exec-1 - Initializing Servlet 'dispatcherServlet'
2019-03-09 23:41:56,372 [INFO] from org.springframework.web.servlet.DispatcherServlet.initServletBean(546) in http-nio-auto-1-exec-1 - Completed initialization in 34 ms
2019-03-09 23:41:56,494 [INFO] from org.hibernate.hql.internal.QueryTranslatorFactoryInitiator.initiateService(47) in http-nio-auto-1-exec-1 - HHH000397: Using ASTQueryTranslatorFactory
2019-03-09 23:41:56,876 [INFO] from org.springframework.mock.web.MockServletContext.log(444) in main - Initializing Spring TestDispatcherServlet ''
2019-03-09 23:41:56,877 [INFO] from org.springframework.test.web.servlet.TestDispatcherServlet.initServletBean(524) in main - Initializing Servlet ''
2019-03-09 23:41:56,877 [INFO] from org.springframework.test.web.servlet.TestDispatcherServlet.initServletBean(546) in main - Completed initialization in 0 ms
2019-03-09 23:41:57,100 [INFO] from com.app.kotlinkcrud.core.controller.MainController.createNewUser(33) in main - --Initiated--
2019-03-09 23:41:57,156 [INFO] from org.springframework.scheduling.concurrent.ThreadPoolTaskExecutor.shutdown(208) in Thread-5 - Shutting down ExecutorService 'applicationTaskExecutor'
2019-03-09 23:41:57,161 [INFO] from org.springframework.orm.jpa.LocalContainerEntityManagerFactoryBean.destroy(597) in Thread-5 - Closing JPA EntityManagerFactory for persistence unit 'default'
2019-03-09 23:41:57,164 [INFO] from com.zaxxer.hikari.HikariDataSource.close(350) in Thread-5 - HikariPool-1 - Shutdown initiated...
2019-03-09 23:41:57,176 [INFO] from com.zaxxer.hikari.HikariDataSource.close(352) in Thread-5 - HikariPool-1 - Shutdown completed.
2019-03-09 23:58:27,539 [INFO] from org.springframework.boot.test.context.SpringBootTestContextBootstrapper.buildDefaultMergedContextConfiguration(308) in main - Neither @ContextConfiguration nor @ContextHierarchy found for test class [com.app.kotlinkcrud.controllerTest.MainControllerTests], using SpringBootContextLoader
2019-03-09 23:58:27,552 [INFO] from org.springframework.test.context.support.AbstractContextLoader.generateDefaultLocations(264) in main - Could not detect default resource locations for test class [com.app.kotlinkcrud.controllerTest.MainControllerTests]: no resource found for suffixes {-context.xml, Context.groovy}.
2019-03-09 23:58:27,554 [INFO] from org.springframework.test.context.support.AnnotationConfigContextLoaderUtils.detectDefaultConfigurationClasses(83) in main - Could not detect default configuration classes for test class [com.app.kotlinkcrud.controllerTest.MainControllerTests]: MainControllerTests does not declare any static, non-private, non-final, nested classes annotated with @Configuration.
2019-03-09 23:58:28,032 [INFO] from org.springframework.boot.test.context.SpringBootTestContextBootstrapper.getOrFindConfigurationClasses(247) in main - Found @SpringBootConfiguration com.app.kotlinkcrud.KotlinkcrudApplication for test class com.app.kotlinkcrud.controllerTest.MainControllerTests
2019-03-09 23:58:28,251 [INFO] from org.springframework.boot.test.context.SpringBootTestContextBootstrapper.getDefaultTestExecutionListenerClassNames(248) in main - Loaded default TestExecutionListener class names from location [META-INF/spring.factories]: [com.ninjasquad.springmockk.MockkTestExecutionListener, com.ninjasquad.springmockk.ClearMocksTestExecutionListener, org.springframework.boot.test.autoconfigure.restdocs.RestDocsTestExecutionListener, org.springframework.boot.test.autoconfigure.web.client.MockRestServiceServerResetTestExecutionListener, org.springframework.boot.test.autoconfigure.web.servlet.MockMvcPrintOnlyOnFailureTestExecutionListener, org.springframework.boot.test.autoconfigure.web.servlet.WebDriverTestExecutionListener, org.springframework.boot.test.mock.mockito.MockitoTestExecutionListener, org.springframework.boot.test.mock.mockito.ResetMocksTestExecutionListener, org.springframework.test.context.web.ServletTestExecutionListener, org.springframework.test.context.support.DirtiesContextBeforeModesTestExecutionListener, org.springframework.test.context.support.DependencyInjectionTestExecutionListener, org.springframework.test.context.support.DirtiesContextTestExecutionListener, org.springframework.test.context.transaction.TransactionalTestExecutionListener, org.springframework.test.context.jdbc.SqlScriptsTestExecutionListener]
2019-03-09 23:58:29,049 [INFO] from org.springframework.boot.test.context.SpringBootTestContextBootstrapper.getTestExecutionListeners(177) in main - Using TestExecutionListeners: [org.springframework.test.context.web.ServletTestExecutionListener@1d2bd371, org.springframework.test.context.support.DirtiesContextBeforeModesTestExecutionListener@44040454, com.ninjasquad.springmockk.MockkTestExecutionListener@65fe9e33, org.springframework.boot.test.mock.mockito.MockitoTestExecutionListener@18bc345, org.springframework.boot.test.autoconfigure.SpringBootDependencyInjectionTestExecutionListener@42f8285e, org.springframework.test.context.support.DirtiesContextTestExecutionListener@26bab2f1, org.springframework.test.context.transaction.TransactionalTestExecutionListener@3724af13, org.springframework.test.context.jdbc.SqlScriptsTestExecutionListener@68ead359, com.ninjasquad.springmockk.ClearMocksTestExecutionListener@6b53bcc2, org.springframework.boot.test.autoconfigure.restdocs.RestDocsTestExecutionListener@180da663, org.springframework.boot.test.autoconfigure.web.client.MockRestServiceServerResetTestExecutionListener@a43ce46, org.springframework.boot.test.autoconfigure.web.servlet.MockMvcPrintOnlyOnFailureTestExecutionListener@340da44c, org.springframework.boot.test.autoconfigure.web.servlet.WebDriverTestExecutionListener@424ebba3, org.springframework.boot.test.mock.mockito.ResetMocksTestExecutionListener@37052337]
2019-03-09 23:58:29,684 [INFO] from com.app.kotlinkcrud.controllerTest.MainControllerTests.logStarting(50) in main - Starting MainControllerTests on sharanjaa-HP with PID 15485 (started by sharanjaa in /home/sharanjaa/IdeaProjects/hms-kotlin-crud)
2019-03-09 23:58:29,686 [INFO] from com.app.kotlinkcrud.controllerTest.MainControllerTests.logStartupProfileInfo(675) in main - No active profile set, falling back to default profiles: default
2019-03-09 23:58:31,356 [INFO] from org.springframework.data.repository.config.RepositoryConfigurationDelegate.registerRepositoriesIn(126) in main - Bootstrapping Spring Data repositories in DEFAULT mode.
2019-03-09 23:58:31,454 [INFO] from org.springframework.data.repository.config.RepositoryConfigurationDelegate.registerRepositoriesIn(182) in main - Finished Spring Data repository scanning in 84ms. Found 1 repository interfaces.
2019-03-09 23:58:32,213 [INFO] from org.springframework.context.support.PostProcessorRegistrationDelegate$BeanPostProcessorChecker.postProcessAfterInitialization(330) in main - Bean 'org.springframework.transaction.annotation.ProxyTransactionManagementConfiguration' of type [org.springframework.transaction.annotation.ProxyTransactionManagementConfiguration$$EnhancerBySpringCGLIB$$79439454] is not eligible for getting processed by all BeanPostProcessors (for example: not eligible for auto-proxying)
2019-03-09 23:58:33,013 [INFO] from org.springframework.boot.web.embedded.tomcat.TomcatWebServer.initialize(90) in main - Tomcat initialized with port(s): 0 (http)
2019-03-09 23:58:33,269 [INFO] from org.springframework.web.context.ContextLoader.prepareWebApplicationContext(296) in main - Root WebApplicationContext: initialization completed in 3534 ms
2019-03-09 23:58:33,815 [INFO] from com.zaxxer.hikari.HikariDataSource.getConnection(110) in main - HikariPool-1 - Starting...
2019-03-09 23:58:34,062 [INFO] from com.zaxxer.hikari.HikariDataSource.getConnection(123) in main - HikariPool-1 - Start completed.
2019-03-09 23:58:34,176 [INFO] from org.hibernate.jpa.internal.util.LogHelper.logPersistenceUnitInformation(31) in main - HHH000204: Processing PersistenceUnitInfo [
	name: default
	...]
2019-03-09 23:58:34,298 [INFO] from org.hibernate.Version.logVersion(46) in main - HHH000412: Hibernate Core {5.3.7.Final}
2019-03-09 23:58:34,301 [INFO] from org.hibernate.cfg.Environment.<clinit>(213) in main - HHH000206: hibernate.properties not found
2019-03-09 23:58:34,613 [INFO] from org.hibernate.annotations.common.Version.<clinit>(49) in main - HCANN000001: Hibernate Commons Annotations {5.0.4.Final}
2019-03-09 23:58:34,832 [INFO] from org.hibernate.dialect.Dialect.<init>(157) in main - HHH000400: Using dialect: org.hibernate.dialect.MySQL5InnoDBDialect
2019-03-09 23:58:35,916 [INFO] from org.springframework.orm.jpa.LocalContainerEntityManagerFactoryBean.buildNativeEntityManagerFactory(415) in main - Initialized JPA EntityManagerFactory for persistence unit 'default'
2019-03-09 23:58:37,093 [WARN] from org.springframework.boot.autoconfigure.orm.jpa.JpaBaseConfiguration$JpaWebConfiguration$JpaWebMvcConfiguration.openEntityManagerInViewInterceptor(236) in main - spring.jpa.open-in-view is enabled by default. Therefore, database queries may be performed during view rendering. Explicitly configure spring.jpa.open-in-view to disable this warning
2019-03-09 23:58:37,391 [INFO] from springfox.documentation.spring.web.PropertySourcedRequestMappingHandlerMapping.initHandlerMethods(69) in main - Mapped URL path [/v2/api-docs] onto method [public org.springframework.http.ResponseEntity<springfox.documentation.spring.web.json.Json> springfox.documentation.swagger2.web.Swagger2Controller.getDocumentation(java.lang.String,javax.servlet.http.HttpServletRequest)]
2019-03-09 23:58:37,838 [INFO] from org.springframework.scheduling.concurrent.ThreadPoolTaskExecutor.initialize(171) in main - Initializing ExecutorService 'applicationTaskExecutor'
2019-03-09 23:58:38,145 [INFO] from org.springframework.boot.autoconfigure.web.servlet.WelcomePageHandlerMapping.<init>(61) in main - Adding welcome page template: index
2019-03-09 23:58:38,491 [INFO] from springfox.documentation.spring.web.plugins.DocumentationPluginsBootstrapper.start(147) in main - Context refreshed
2019-03-09 23:58:38,541 [INFO] from springfox.documentation.spring.web.plugins.DocumentationPluginsBootstrapper.start(150) in main - Found 1 custom documentation plugin(s)
2019-03-09 23:58:38,674 [INFO] from springfox.documentation.spring.web.scanners.ApiListingReferenceScanner.scan(41) in main - Scanning for api listing references
2019-03-09 23:58:39,061 [INFO] from springfox.documentation.spring.web.readers.operation.CachingOperationNameGenerator.startingWith(40) in main - Generating unique operation named: showUpdateFormUsingGET_1
2019-03-09 23:58:39,142 [INFO] from org.springframework.boot.web.embedded.tomcat.TomcatWebServer.start(204) in main - Tomcat started on port(s): 39107 (http) with context path ''
2019-03-09 23:58:39,146 [INFO] from com.app.kotlinkcrud.controllerTest.MainControllerTests.logStarted(59) in main - Started MainControllerTests in 10.06 seconds (JVM running for 14.338)
2019-03-09 23:58:39,625 [INFO] from org.springframework.web.servlet.DispatcherServlet.initServletBean(524) in http-nio-auto-1-exec-1 - Initializing Servlet 'dispatcherServlet'
2019-03-09 23:58:39,668 [INFO] from org.springframework.web.servlet.DispatcherServlet.initServletBean(546) in http-nio-auto-1-exec-1 - Completed initialization in 39 ms
2019-03-09 23:58:39,764 [INFO] from org.hibernate.hql.internal.QueryTranslatorFactoryInitiator.initiateService(47) in http-nio-auto-1-exec-1 - HHH000397: Using ASTQueryTranslatorFactory
2019-03-09 23:58:40,081 [INFO] from org.springframework.mock.web.MockServletContext.log(444) in main - Initializing Spring TestDispatcherServlet ''
2019-03-09 23:58:40,081 [INFO] from org.springframework.test.web.servlet.TestDispatcherServlet.initServletBean(524) in main - Initializing Servlet ''
2019-03-09 23:58:40,081 [INFO] from org.springframework.test.web.servlet.TestDispatcherServlet.initServletBean(546) in main - Completed initialization in 0 ms
2019-03-09 23:58:40,256 [INFO] from com.app.kotlinkcrud.core.controller.MainController.createNewUser(33) in main - --Initiated--
2019-03-09 23:58:40,362 [INFO] from org.springframework.scheduling.concurrent.ThreadPoolTaskExecutor.shutdown(208) in Thread-4 - Shutting down ExecutorService 'applicationTaskExecutor'
2019-03-09 23:58:40,366 [INFO] from org.springframework.orm.jpa.LocalContainerEntityManagerFactoryBean.destroy(597) in Thread-4 - Closing JPA EntityManagerFactory for persistence unit 'default'
2019-03-09 23:58:40,378 [INFO] from com.zaxxer.hikari.HikariDataSource.close(350) in Thread-4 - HikariPool-1 - Shutdown initiated...
2019-03-09 23:58:40,410 [INFO] from com.zaxxer.hikari.HikariDataSource.close(352) in Thread-4 - HikariPool-1 - Shutdown completed.
