2019-03-08 17:59:52,741 [INFO] from com.app.kotlinkcrud.KotlinkcrudApplicationKt.logStarting(50) in restartedMain - Starting KotlinkcrudApplicationKt on sharanjaa-HP with PID 18599 (/home/sharanjaa/IdeaProjects/hms-kotlin-crud/out/production/classes started by sharanjaa in /home/sharanjaa/IdeaProjects/hms-kotlin-crud)
2019-03-08 17:59:52,748 [INFO] from com.app.kotlinkcrud.KotlinkcrudApplicationKt.logStartupProfileInfo(675) in restartedMain - No active profile set, falling back to default profiles: default
2019-03-08 17:59:52,975 [INFO] from org.springframework.boot.devtools.env.DevToolsPropertyDefaultsPostProcessor.logTo(227) in restartedMain - Devtools property defaults active! Set 'spring.devtools.add-properties' to 'false' to disable
2019-03-08 17:59:52,977 [INFO] from org.springframework.boot.devtools.env.DevToolsPropertyDefaultsPostProcessor.logTo(227) in restartedMain - For additional web related logging consider setting the 'logging.level.web' property to 'DEBUG'
2019-03-08 17:59:54,803 [INFO] from org.springframework.data.repository.config.RepositoryConfigurationDelegate.registerRepositoriesIn(126) in restartedMain - Bootstrapping Spring Data repositories in DEFAULT mode.
2019-03-08 17:59:54,941 [INFO] from org.springframework.data.repository.config.RepositoryConfigurationDelegate.registerRepositoriesIn(182) in restartedMain - Finished Spring Data repository scanning in 127ms. Found 1 repository interfaces.
2019-03-08 17:59:55,414 [INFO] from org.springframework.context.support.PostProcessorRegistrationDelegate$BeanPostProcessorChecker.postProcessAfterInitialization(330) in restartedMain - Bean 'org.springframework.transaction.annotation.ProxyTransactionManagementConfiguration' of type [org.springframework.transaction.annotation.ProxyTransactionManagementConfiguration$$EnhancerBySpringCGLIB$$317192b9] is not eligible for getting processed by all BeanPostProcessors (for example: not eligible for auto-proxying)
2019-03-08 17:59:55,866 [INFO] from org.springframework.boot.web.embedded.tomcat.TomcatWebServer.initialize(90) in restartedMain - Tomcat initialized with port(s): 8080 (http)
2019-03-08 17:59:55,979 [INFO] from org.springframework.web.context.ContextLoader.prepareWebApplicationContext(296) in restartedMain - Root WebApplicationContext: initialization completed in 2999 ms
2019-03-08 17:59:56,176 [INFO] from com.zaxxer.hikari.HikariDataSource.getConnection(110) in restartedMain - HikariPool-1 - Starting...
2019-03-08 17:59:56,272 [INFO] from com.zaxxer.hikari.HikariDataSource.getConnection(123) in restartedMain - HikariPool-1 - Start completed.
2019-03-08 17:59:56,319 [INFO] from org.hibernate.jpa.internal.util.LogHelper.logPersistenceUnitInformation(31) in restartedMain - HHH000204: Processing PersistenceUnitInfo [
	name: default
	...]
2019-03-08 17:59:56,372 [INFO] from org.hibernate.Version.logVersion(46) in restartedMain - HHH000412: Hibernate Core {5.3.7.Final}
2019-03-08 17:59:56,375 [INFO] from org.hibernate.cfg.Environment.<clinit>(213) in restartedMain - HHH000206: hibernate.properties not found
2019-03-08 17:59:56,507 [INFO] from org.hibernate.annotations.common.Version.<clinit>(49) in restartedMain - HCANN000001: Hibernate Commons Annotations {5.0.4.Final}
2019-03-08 17:59:56,642 [INFO] from org.hibernate.dialect.Dialect.<init>(157) in restartedMain - HHH000400: Using dialect: org.hibernate.dialect.MySQL5InnoDBDialect
2019-03-08 17:59:57,202 [INFO] from org.springframework.orm.jpa.LocalContainerEntityManagerFactoryBean.buildNativeEntityManagerFactory(415) in restartedMain - Initialized JPA EntityManagerFactory for persistence unit 'default'
2019-03-08 17:59:57,248 [INFO] from org.springframework.boot.devtools.autoconfigure.OptionalLiveReloadServer.startServer(57) in restartedMain - LiveReload server is running on port 35729
2019-03-08 17:59:57,980 [WARN] from org.springframework.boot.autoconfigure.orm.jpa.JpaBaseConfiguration$JpaWebConfiguration$JpaWebMvcConfiguration.openEntityManagerInViewInterceptor(236) in restartedMain - spring.jpa.open-in-view is enabled by default. Therefore, database queries may be performed during view rendering. Explicitly configure spring.jpa.open-in-view to disable this warning
2019-03-08 17:59:58,117 [INFO] from springfox.documentation.spring.web.PropertySourcedRequestMappingHandlerMapping.initHandlerMethods(69) in restartedMain - Mapped URL path [/v2/api-docs] onto method [public org.springframework.http.ResponseEntity<springfox.documentation.spring.web.json.Json> springfox.documentation.swagger2.web.Swagger2Controller.getDocumentation(java.lang.String,javax.servlet.http.HttpServletRequest)]
2019-03-08 17:59:58,485 [INFO] from org.springframework.scheduling.concurrent.ThreadPoolTaskExecutor.initialize(171) in restartedMain - Initializing ExecutorService 'applicationTaskExecutor'
2019-03-08 17:59:58,612 [INFO] from org.springframework.boot.autoconfigure.web.servlet.WelcomePageHandlerMapping.<init>(61) in restartedMain - Adding welcome page template: index
2019-03-08 17:59:58,720 [INFO] from springfox.documentation.spring.web.plugins.DocumentationPluginsBootstrapper.start(147) in restartedMain - Context refreshed
2019-03-08 17:59:58,736 [INFO] from springfox.documentation.spring.web.plugins.DocumentationPluginsBootstrapper.start(150) in restartedMain - Found 1 custom documentation plugin(s)
2019-03-08 17:59:58,798 [INFO] from springfox.documentation.spring.web.scanners.ApiListingReferenceScanner.scan(41) in restartedMain - Scanning for api listing references
2019-03-08 17:59:58,997 [INFO] from springfox.documentation.spring.web.readers.operation.CachingOperationNameGenerator.startingWith(40) in restartedMain - Generating unique operation named: showUpdateFormUsingGET_1
2019-03-08 17:59:59,046 [INFO] from org.springframework.boot.web.embedded.tomcat.TomcatWebServer.start(204) in restartedMain - Tomcat started on port(s): 8080 (http) with context path ''
2019-03-08 17:59:59,049 [INFO] from com.app.kotlinkcrud.KotlinkcrudApplicationKt.logStarted(59) in restartedMain - Started KotlinkcrudApplicationKt in 6.991 seconds (JVM running for 7.996)
2019-03-08 17:59:59,054 [INFO] from com.app.kotlinkcrud.KotlinkcrudApplication.main(28) in restartedMain - --Application Started--
2019-03-08 18:06:25,367 [INFO] from org.springframework.boot.test.context.SpringBootTestContextBootstrapper.buildDefaultMergedContextConfiguration(308) in main - Neither @ContextConfiguration nor @ContextHierarchy found for test class [com.app.kotlinkcrud.controllerTest.MainControllerTests], using SpringBootContextLoader
2019-03-08 18:06:25,380 [INFO] from org.springframework.test.context.support.AbstractContextLoader.generateDefaultLocations(264) in main - Could not detect default resource locations for test class [com.app.kotlinkcrud.controllerTest.MainControllerTests]: no resource found for suffixes {-context.xml, Context.groovy}.
2019-03-08 18:06:25,382 [INFO] from org.springframework.test.context.support.AnnotationConfigContextLoaderUtils.detectDefaultConfigurationClasses(83) in main - Could not detect default configuration classes for test class [com.app.kotlinkcrud.controllerTest.MainControllerTests]: MainControllerTests does not declare any static, non-private, non-final, nested classes annotated with @Configuration.
2019-03-08 18:06:25,932 [INFO] from org.springframework.boot.test.context.SpringBootTestContextBootstrapper.getOrFindConfigurationClasses(247) in main - Found @SpringBootConfiguration com.app.kotlinkcrud.KotlinkcrudApplication for test class com.app.kotlinkcrud.controllerTest.MainControllerTests
2019-03-08 18:06:26,246 [INFO] from org.springframework.boot.test.context.SpringBootTestContextBootstrapper.getDefaultTestExecutionListenerClassNames(248) in main - Loaded default TestExecutionListener class names from location [META-INF/spring.factories]: [com.ninjasquad.springmockk.MockkTestExecutionListener, com.ninjasquad.springmockk.ClearMocksTestExecutionListener, org.springframework.boot.test.autoconfigure.restdocs.RestDocsTestExecutionListener, org.springframework.boot.test.autoconfigure.web.client.MockRestServiceServerResetTestExecutionListener, org.springframework.boot.test.autoconfigure.web.servlet.MockMvcPrintOnlyOnFailureTestExecutionListener, org.springframework.boot.test.autoconfigure.web.servlet.WebDriverTestExecutionListener, org.springframework.boot.test.mock.mockito.MockitoTestExecutionListener, org.springframework.boot.test.mock.mockito.ResetMocksTestExecutionListener, org.springframework.test.context.web.ServletTestExecutionListener, org.springframework.test.context.support.DirtiesContextBeforeModesTestExecutionListener, org.springframework.test.context.support.DependencyInjectionTestExecutionListener, org.springframework.test.context.support.DirtiesContextTestExecutionListener, org.springframework.test.context.transaction.TransactionalTestExecutionListener, org.springframework.test.context.jdbc.SqlScriptsTestExecutionListener]
2019-03-08 18:06:27,145 [INFO] from org.springframework.boot.test.context.SpringBootTestContextBootstrapper.getTestExecutionListeners(177) in main - Using TestExecutionListeners: [org.springframework.test.context.web.ServletTestExecutionListener@1d2bd371, org.springframework.test.context.support.DirtiesContextBeforeModesTestExecutionListener@44040454, com.ninjasquad.springmockk.MockkTestExecutionListener@65fe9e33, org.springframework.boot.test.mock.mockito.MockitoTestExecutionListener@18bc345, org.springframework.boot.test.autoconfigure.SpringBootDependencyInjectionTestExecutionListener@42f8285e, org.springframework.test.context.support.DirtiesContextTestExecutionListener@26bab2f1, org.springframework.test.context.transaction.TransactionalTestExecutionListener@3724af13, org.springframework.test.context.jdbc.SqlScriptsTestExecutionListener@68ead359, com.ninjasquad.springmockk.ClearMocksTestExecutionListener@6b53bcc2, org.springframework.boot.test.autoconfigure.restdocs.RestDocsTestExecutionListener@180da663, org.springframework.boot.test.autoconfigure.web.client.MockRestServiceServerResetTestExecutionListener@a43ce46, org.springframework.boot.test.autoconfigure.web.servlet.MockMvcPrintOnlyOnFailureTestExecutionListener@340da44c, org.springframework.boot.test.autoconfigure.web.servlet.WebDriverTestExecutionListener@424ebba3, org.springframework.boot.test.mock.mockito.ResetMocksTestExecutionListener@37052337]
2019-03-08 18:06:28,086 [INFO] from com.app.kotlinkcrud.controllerTest.MainControllerTests.logStarting(50) in main - Starting MainControllerTests on sharanjaa-HP with PID 19319 (started by sharanjaa in /home/sharanjaa/IdeaProjects/hms-kotlin-crud)
2019-03-08 18:06:28,087 [INFO] from com.app.kotlinkcrud.controllerTest.MainControllerTests.logStartupProfileInfo(675) in main - No active profile set, falling back to default profiles: default
2019-03-08 18:06:29,753 [INFO] from org.springframework.data.repository.config.RepositoryConfigurationDelegate.registerRepositoriesIn(126) in main - Bootstrapping Spring Data repositories in DEFAULT mode.
2019-03-08 18:06:29,857 [INFO] from org.springframework.data.repository.config.RepositoryConfigurationDelegate.registerRepositoriesIn(182) in main - Finished Spring Data repository scanning in 87ms. Found 1 repository interfaces.
2019-03-08 18:06:30,762 [INFO] from org.springframework.context.support.PostProcessorRegistrationDelegate$BeanPostProcessorChecker.postProcessAfterInitialization(330) in main - Bean 'org.springframework.transaction.annotation.ProxyTransactionManagementConfiguration' of type [org.springframework.transaction.annotation.ProxyTransactionManagementConfiguration$$EnhancerBySpringCGLIB$$92ade05c] is not eligible for getting processed by all BeanPostProcessors (for example: not eligible for auto-proxying)
2019-03-08 18:06:31,482 [INFO] from org.springframework.boot.web.embedded.tomcat.TomcatWebServer.initialize(90) in main - Tomcat initialized with port(s): 0 (http)
2019-03-08 18:06:31,763 [INFO] from org.springframework.web.context.ContextLoader.prepareWebApplicationContext(296) in main - Root WebApplicationContext: initialization completed in 3643 ms
2019-03-08 18:06:32,255 [INFO] from com.zaxxer.hikari.HikariDataSource.getConnection(110) in main - HikariPool-1 - Starting...
2019-03-08 18:06:32,510 [INFO] from com.zaxxer.hikari.HikariDataSource.getConnection(123) in main - HikariPool-1 - Start completed.
2019-03-08 18:06:32,625 [INFO] from org.hibernate.jpa.internal.util.LogHelper.logPersistenceUnitInformation(31) in main - HHH000204: Processing PersistenceUnitInfo [
	name: default
	...]
2019-03-08 18:06:32,760 [INFO] from org.hibernate.Version.logVersion(46) in main - HHH000412: Hibernate Core {5.3.7.Final}
2019-03-08 18:06:32,762 [INFO] from org.hibernate.cfg.Environment.<clinit>(213) in main - HHH000206: hibernate.properties not found
2019-03-08 18:06:33,033 [INFO] from org.hibernate.annotations.common.Version.<clinit>(49) in main - HCANN000001: Hibernate Commons Annotations {5.0.4.Final}
2019-03-08 18:06:33,277 [INFO] from org.hibernate.dialect.Dialect.<init>(157) in main - HHH000400: Using dialect: org.hibernate.dialect.MySQL5InnoDBDialect
2019-03-08 18:06:34,372 [INFO] from org.springframework.orm.jpa.LocalContainerEntityManagerFactoryBean.buildNativeEntityManagerFactory(415) in main - Initialized JPA EntityManagerFactory for persistence unit 'default'
2019-03-08 18:06:35,558 [WARN] from org.springframework.boot.autoconfigure.orm.jpa.JpaBaseConfiguration$JpaWebConfiguration$JpaWebMvcConfiguration.openEntityManagerInViewInterceptor(236) in main - spring.jpa.open-in-view is enabled by default. Therefore, database queries may be performed during view rendering. Explicitly configure spring.jpa.open-in-view to disable this warning
2019-03-08 18:06:35,881 [INFO] from springfox.documentation.spring.web.PropertySourcedRequestMappingHandlerMapping.initHandlerMethods(69) in main - Mapped URL path [/v2/api-docs] onto method [public org.springframework.http.ResponseEntity<springfox.documentation.spring.web.json.Json> springfox.documentation.swagger2.web.Swagger2Controller.getDocumentation(java.lang.String,javax.servlet.http.HttpServletRequest)]
2019-03-08 18:06:36,335 [INFO] from org.springframework.scheduling.concurrent.ThreadPoolTaskExecutor.initialize(171) in main - Initializing ExecutorService 'applicationTaskExecutor'
2019-03-08 18:06:36,708 [INFO] from org.springframework.boot.autoconfigure.web.servlet.WelcomePageHandlerMapping.<init>(61) in main - Adding welcome page template: index
2019-03-08 18:06:37,069 [INFO] from springfox.documentation.spring.web.plugins.DocumentationPluginsBootstrapper.start(147) in main - Context refreshed
2019-03-08 18:06:37,110 [INFO] from springfox.documentation.spring.web.plugins.DocumentationPluginsBootstrapper.start(150) in main - Found 1 custom documentation plugin(s)
2019-03-08 18:06:37,208 [INFO] from springfox.documentation.spring.web.scanners.ApiListingReferenceScanner.scan(41) in main - Scanning for api listing references
2019-03-08 18:06:37,530 [INFO] from springfox.documentation.spring.web.readers.operation.CachingOperationNameGenerator.startingWith(40) in main - Generating unique operation named: showUpdateFormUsingGET_1
2019-03-08 18:06:37,621 [INFO] from org.springframework.boot.web.embedded.tomcat.TomcatWebServer.start(204) in main - Tomcat started on port(s): 41647 (http) with context path ''
2019-03-08 18:06:37,624 [INFO] from com.app.kotlinkcrud.controllerTest.MainControllerTests.logStarted(59) in main - Started MainControllerTests in 10.414 seconds (JVM running for 15.108)
2019-03-08 18:06:38,109 [INFO] from org.springframework.web.servlet.DispatcherServlet.initServletBean(524) in http-nio-auto-1-exec-1 - Initializing Servlet 'dispatcherServlet'
2019-03-08 18:06:38,146 [INFO] from org.springframework.web.servlet.DispatcherServlet.initServletBean(546) in http-nio-auto-1-exec-1 - Completed initialization in 36 ms
2019-03-08 18:06:38,265 [INFO] from org.hibernate.hql.internal.QueryTranslatorFactoryInitiator.initiateService(47) in http-nio-auto-1-exec-1 - HHH000397: Using ASTQueryTranslatorFactory
2019-03-08 18:06:38,747 [INFO] from org.springframework.mock.web.MockServletContext.log(444) in main - Initializing Spring TestDispatcherServlet ''
2019-03-08 18:06:38,748 [INFO] from org.springframework.test.web.servlet.TestDispatcherServlet.initServletBean(524) in main - Initializing Servlet ''
2019-03-08 18:06:38,748 [INFO] from org.springframework.test.web.servlet.TestDispatcherServlet.initServletBean(546) in main - Completed initialization in 0 ms
2019-03-08 18:06:38,932 [INFO] from com.app.kotlinkcrud.core.controller.MainController.createNewUser(33) in main - --Initiated--
2019-03-08 18:06:38,983 [INFO] from org.springframework.scheduling.concurrent.ThreadPoolTaskExecutor.shutdown(208) in Thread-4 - Shutting down ExecutorService 'applicationTaskExecutor'
2019-03-08 18:06:38,987 [INFO] from org.springframework.orm.jpa.LocalContainerEntityManagerFactoryBean.destroy(597) in Thread-4 - Closing JPA EntityManagerFactory for persistence unit 'default'
2019-03-08 18:06:38,991 [INFO] from com.zaxxer.hikari.HikariDataSource.close(350) in Thread-4 - HikariPool-1 - Shutdown initiated...
2019-03-08 18:06:38,999 [INFO] from com.zaxxer.hikari.HikariDataSource.close(352) in Thread-4 - HikariPool-1 - Shutdown completed.
2019-03-08 18:07:09,517 [INFO] from org.springframework.boot.test.context.SpringBootTestContextBootstrapper.buildDefaultMergedContextConfiguration(308) in main - Neither @ContextConfiguration nor @ContextHierarchy found for test class [com.app.kotlinkcrud.controllerTest.MainControllerTests], using SpringBootContextLoader
2019-03-08 18:07:09,537 [INFO] from org.springframework.test.context.support.AbstractContextLoader.generateDefaultLocations(264) in main - Could not detect default resource locations for test class [com.app.kotlinkcrud.controllerTest.MainControllerTests]: no resource found for suffixes {-context.xml, Context.groovy}.
2019-03-08 18:07:09,540 [INFO] from org.springframework.test.context.support.AnnotationConfigContextLoaderUtils.detectDefaultConfigurationClasses(83) in main - Could not detect default configuration classes for test class [com.app.kotlinkcrud.controllerTest.MainControllerTests]: MainControllerTests does not declare any static, non-private, non-final, nested classes annotated with @Configuration.
2019-03-08 18:07:10,019 [INFO] from org.springframework.boot.test.context.SpringBootTestContextBootstrapper.getOrFindConfigurationClasses(247) in main - Found @SpringBootConfiguration com.app.kotlinkcrud.KotlinkcrudApplication for test class com.app.kotlinkcrud.controllerTest.MainControllerTests
2019-03-08 18:07:10,428 [INFO] from org.springframework.boot.test.context.SpringBootTestContextBootstrapper.getDefaultTestExecutionListenerClassNames(248) in main - Loaded default TestExecutionListener class names from location [META-INF/spring.factories]: [com.ninjasquad.springmockk.MockkTestExecutionListener, com.ninjasquad.springmockk.ClearMocksTestExecutionListener, org.springframework.boot.test.autoconfigure.restdocs.RestDocsTestExecutionListener, org.springframework.boot.test.autoconfigure.web.client.MockRestServiceServerResetTestExecutionListener, org.springframework.boot.test.autoconfigure.web.servlet.MockMvcPrintOnlyOnFailureTestExecutionListener, org.springframework.boot.test.autoconfigure.web.servlet.WebDriverTestExecutionListener, org.springframework.boot.test.mock.mockito.MockitoTestExecutionListener, org.springframework.boot.test.mock.mockito.ResetMocksTestExecutionListener, org.springframework.test.context.web.ServletTestExecutionListener, org.springframework.test.context.support.DirtiesContextBeforeModesTestExecutionListener, org.springframework.test.context.support.DependencyInjectionTestExecutionListener, org.springframework.test.context.support.DirtiesContextTestExecutionListener, org.springframework.test.context.transaction.TransactionalTestExecutionListener, org.springframework.test.context.jdbc.SqlScriptsTestExecutionListener]
2019-03-08 18:07:11,319 [INFO] from org.springframework.boot.test.context.SpringBootTestContextBootstrapper.getTestExecutionListeners(177) in main - Using TestExecutionListeners: [org.springframework.test.context.web.ServletTestExecutionListener@726a17c4, org.springframework.test.context.support.DirtiesContextBeforeModesTestExecutionListener@5dc3fcb7, com.ninjasquad.springmockk.MockkTestExecutionListener@c4c0b41, org.springframework.boot.test.mock.mockito.MockitoTestExecutionListener@76911385, org.springframework.boot.test.autoconfigure.SpringBootDependencyInjectionTestExecutionListener@5467eea4, org.springframework.test.context.support.DirtiesContextTestExecutionListener@160396db, org.springframework.test.context.transaction.TransactionalTestExecutionListener@7a799159, org.springframework.test.context.jdbc.SqlScriptsTestExecutionListener@40ab8a8, com.ninjasquad.springmockk.ClearMocksTestExecutionListener@6ff37443, org.springframework.boot.test.autoconfigure.restdocs.RestDocsTestExecutionListener@65cc8228, org.springframework.boot.test.autoconfigure.web.client.MockRestServiceServerResetTestExecutionListener@53093491, org.springframework.boot.test.autoconfigure.web.servlet.MockMvcPrintOnlyOnFailureTestExecutionListener@21719a0, org.springframework.boot.test.autoconfigure.web.servlet.WebDriverTestExecutionListener@76b224cd, org.springframework.boot.test.mock.mockito.ResetMocksTestExecutionListener@77ee25f1]
2019-03-08 18:07:12,530 [INFO] from com.app.kotlinkcrud.controllerTest.MainControllerTests.logStarting(50) in main - Starting MainControllerTests on sharanjaa-HP with PID 19477 (started by sharanjaa in /home/sharanjaa/IdeaProjects/hms-kotlin-crud)
2019-03-08 18:07:12,531 [INFO] from com.app.kotlinkcrud.controllerTest.MainControllerTests.logStartupProfileInfo(675) in main - No active profile set, falling back to default profiles: default
2019-03-08 18:07:14,707 [INFO] from org.springframework.data.repository.config.RepositoryConfigurationDelegate.registerRepositoriesIn(126) in main - Bootstrapping Spring Data repositories in DEFAULT mode.
2019-03-08 18:07:14,832 [INFO] from org.springframework.data.repository.config.RepositoryConfigurationDelegate.registerRepositoriesIn(182) in main - Finished Spring Data repository scanning in 109ms. Found 1 repository interfaces.
2019-03-08 18:07:15,814 [INFO] from org.springframework.context.support.PostProcessorRegistrationDelegate$BeanPostProcessorChecker.postProcessAfterInitialization(330) in main - Bean 'org.springframework.transaction.annotation.ProxyTransactionManagementConfiguration' of type [org.springframework.transaction.annotation.ProxyTransactionManagementConfiguration$$EnhancerBySpringCGLIB$$f9a83bda] is not eligible for getting processed by all BeanPostProcessors (for example: not eligible for auto-proxying)
2019-03-08 18:07:16,750 [INFO] from org.springframework.boot.web.embedded.tomcat.TomcatWebServer.initialize(90) in main - Tomcat initialized with port(s): 0 (http)
2019-03-08 18:07:17,110 [INFO] from org.springframework.web.context.ContextLoader.prepareWebApplicationContext(296) in main - Root WebApplicationContext: initialization completed in 4448 ms
2019-03-08 18:07:17,707 [INFO] from com.zaxxer.hikari.HikariDataSource.getConnection(110) in main - HikariPool-1 - Starting...
2019-03-08 18:07:17,947 [INFO] from com.zaxxer.hikari.HikariDataSource.getConnection(123) in main - HikariPool-1 - Start completed.
2019-03-08 18:07:18,074 [INFO] from org.hibernate.jpa.internal.util.LogHelper.logPersistenceUnitInformation(31) in main - HHH000204: Processing PersistenceUnitInfo [
	name: default
	...]
2019-03-08 18:07:18,198 [INFO] from org.hibernate.Version.logVersion(46) in main - HHH000412: Hibernate Core {5.3.7.Final}
2019-03-08 18:07:18,200 [INFO] from org.hibernate.cfg.Environment.<clinit>(213) in main - HHH000206: hibernate.properties not found
2019-03-08 18:07:18,472 [INFO] from org.hibernate.annotations.common.Version.<clinit>(49) in main - HCANN000001: Hibernate Commons Annotations {5.0.4.Final}
2019-03-08 18:07:18,762 [INFO] from org.hibernate.dialect.Dialect.<init>(157) in main - HHH000400: Using dialect: org.hibernate.dialect.MySQL5InnoDBDialect
2019-03-08 18:07:20,119 [INFO] from org.springframework.orm.jpa.LocalContainerEntityManagerFactoryBean.buildNativeEntityManagerFactory(415) in main - Initialized JPA EntityManagerFactory for persistence unit 'default'
2019-03-08 18:07:22,020 [WARN] from org.springframework.boot.autoconfigure.orm.jpa.JpaBaseConfiguration$JpaWebConfiguration$JpaWebMvcConfiguration.openEntityManagerInViewInterceptor(236) in main - spring.jpa.open-in-view is enabled by default. Therefore, database queries may be performed during view rendering. Explicitly configure spring.jpa.open-in-view to disable this warning
2019-03-08 18:07:22,556 [INFO] from springfox.documentation.spring.web.PropertySourcedRequestMappingHandlerMapping.initHandlerMethods(69) in main - Mapped URL path [/v2/api-docs] onto method [public org.springframework.http.ResponseEntity<springfox.documentation.spring.web.json.Json> springfox.documentation.swagger2.web.Swagger2Controller.getDocumentation(java.lang.String,javax.servlet.http.HttpServletRequest)]
2019-03-08 18:07:23,277 [INFO] from org.springframework.scheduling.concurrent.ThreadPoolTaskExecutor.initialize(171) in main - Initializing ExecutorService 'applicationTaskExecutor'
2019-03-08 18:07:23,818 [INFO] from org.springframework.boot.autoconfigure.web.servlet.WelcomePageHandlerMapping.<init>(61) in main - Adding welcome page template: index
2019-03-08 18:07:24,307 [INFO] from springfox.documentation.spring.web.plugins.DocumentationPluginsBootstrapper.start(147) in main - Context refreshed
2019-03-08 18:07:24,351 [INFO] from springfox.documentation.spring.web.plugins.DocumentationPluginsBootstrapper.start(150) in main - Found 1 custom documentation plugin(s)
2019-03-08 18:07:24,467 [INFO] from springfox.documentation.spring.web.scanners.ApiListingReferenceScanner.scan(41) in main - Scanning for api listing references
2019-03-08 18:07:24,849 [INFO] from springfox.documentation.spring.web.readers.operation.CachingOperationNameGenerator.startingWith(40) in main - Generating unique operation named: showUpdateFormUsingGET_1
2019-03-08 18:07:24,962 [INFO] from org.springframework.boot.web.embedded.tomcat.TomcatWebServer.start(204) in main - Tomcat started on port(s): 39799 (http) with context path ''
2019-03-08 18:07:24,967 [INFO] from com.app.kotlinkcrud.controllerTest.MainControllerTests.logStarted(59) in main - Started MainControllerTests in 13.58 seconds (JVM running for 17.732)
2019-03-08 18:07:25,598 [INFO] from org.springframework.web.servlet.DispatcherServlet.initServletBean(524) in http-nio-auto-1-exec-1 - Initializing Servlet 'dispatcherServlet'
2019-03-08 18:07:25,644 [INFO] from org.springframework.web.servlet.DispatcherServlet.initServletBean(546) in http-nio-auto-1-exec-1 - Completed initialization in 44 ms
2019-03-08 18:07:25,783 [INFO] from org.hibernate.hql.internal.QueryTranslatorFactoryInitiator.initiateService(47) in http-nio-auto-1-exec-1 - HHH000397: Using ASTQueryTranslatorFactory
2019-03-08 18:07:26,327 [INFO] from org.springframework.mock.web.MockServletContext.log(444) in main - Initializing Spring TestDispatcherServlet ''
2019-03-08 18:07:26,327 [INFO] from org.springframework.test.web.servlet.TestDispatcherServlet.initServletBean(524) in main - Initializing Servlet ''
2019-03-08 18:07:26,328 [INFO] from org.springframework.test.web.servlet.TestDispatcherServlet.initServletBean(546) in main - Completed initialization in 0 ms
2019-03-08 18:07:26,506 [INFO] from com.app.kotlinkcrud.core.controller.MainController.createNewUser(33) in main - --Initiated--
2019-03-08 18:07:26,569 [INFO] from org.springframework.scheduling.concurrent.ThreadPoolTaskExecutor.shutdown(208) in Thread-4 - Shutting down ExecutorService 'applicationTaskExecutor'
2019-03-08 18:07:26,580 [INFO] from org.springframework.orm.jpa.LocalContainerEntityManagerFactoryBean.destroy(597) in Thread-4 - Closing JPA EntityManagerFactory for persistence unit 'default'
2019-03-08 18:07:26,587 [INFO] from com.zaxxer.hikari.HikariDataSource.close(350) in Thread-4 - HikariPool-1 - Shutdown initiated...
2019-03-08 18:07:26,603 [INFO] from com.zaxxer.hikari.HikariDataSource.close(352) in Thread-4 - HikariPool-1 - Shutdown completed.
2019-03-08 18:07:30,886 [INFO] from org.springframework.scheduling.concurrent.ThreadPoolTaskExecutor.shutdown(208) in Thread-24 - Shutting down ExecutorService 'applicationTaskExecutor'
2019-03-08 18:07:30,889 [INFO] from org.springframework.orm.jpa.LocalContainerEntityManagerFactoryBean.destroy(597) in Thread-24 - Closing JPA EntityManagerFactory for persistence unit 'default'
2019-03-08 18:07:30,896 [INFO] from com.zaxxer.hikari.HikariDataSource.close(350) in Thread-24 - HikariPool-1 - Shutdown initiated...
2019-03-08 18:07:30,907 [INFO] from com.zaxxer.hikari.HikariDataSource.close(352) in Thread-24 - HikariPool-1 - Shutdown completed.
2019-03-08 18:07:38,643 [INFO] from com.app.kotlinkcrud.KotlinkcrudApplicationKt.logStarting(50) in restartedMain - Starting KotlinkcrudApplicationKt on sharanjaa-HP with PID 19602 (/home/sharanjaa/IdeaProjects/hms-kotlin-crud/out/production/classes started by sharanjaa in /home/sharanjaa/IdeaProjects/hms-kotlin-crud)
2019-03-08 18:07:38,651 [INFO] from com.app.kotlinkcrud.KotlinkcrudApplicationKt.logStartupProfileInfo(675) in restartedMain - No active profile set, falling back to default profiles: default
2019-03-08 18:07:38,844 [INFO] from org.springframework.boot.devtools.env.DevToolsPropertyDefaultsPostProcessor.logTo(227) in restartedMain - Devtools property defaults active! Set 'spring.devtools.add-properties' to 'false' to disable
2019-03-08 18:07:38,845 [INFO] from org.springframework.boot.devtools.env.DevToolsPropertyDefaultsPostProcessor.logTo(227) in restartedMain - For additional web related logging consider setting the 'logging.level.web' property to 'DEBUG'
2019-03-08 18:07:40,966 [INFO] from org.springframework.data.repository.config.RepositoryConfigurationDelegate.registerRepositoriesIn(126) in restartedMain - Bootstrapping Spring Data repositories in DEFAULT mode.
2019-03-08 18:07:41,043 [INFO] from org.springframework.data.repository.config.RepositoryConfigurationDelegate.registerRepositoriesIn(182) in restartedMain - Finished Spring Data repository scanning in 68ms. Found 1 repository interfaces.
2019-03-08 18:07:41,571 [INFO] from org.springframework.context.support.PostProcessorRegistrationDelegate$BeanPostProcessorChecker.postProcessAfterInitialization(330) in restartedMain - Bean 'org.springframework.transaction.annotation.ProxyTransactionManagementConfiguration' of type [org.springframework.transaction.annotation.ProxyTransactionManagementConfiguration$$EnhancerBySpringCGLIB$$9ff234f1] is not eligible for getting processed by all BeanPostProcessors (for example: not eligible for auto-proxying)
2019-03-08 18:07:42,097 [INFO] from org.springframework.boot.web.embedded.tomcat.TomcatWebServer.initialize(90) in restartedMain - Tomcat initialized with port(s): 8080 (http)
2019-03-08 18:07:42,236 [INFO] from org.springframework.web.context.ContextLoader.prepareWebApplicationContext(296) in restartedMain - Root WebApplicationContext: initialization completed in 3390 ms
2019-03-08 18:07:42,467 [INFO] from com.zaxxer.hikari.HikariDataSource.getConnection(110) in restartedMain - HikariPool-1 - Starting...
2019-03-08 18:07:42,593 [INFO] from com.zaxxer.hikari.HikariDataSource.getConnection(123) in restartedMain - HikariPool-1 - Start completed.
2019-03-08 18:07:42,651 [INFO] from org.hibernate.jpa.internal.util.LogHelper.logPersistenceUnitInformation(31) in restartedMain - HHH000204: Processing PersistenceUnitInfo [
	name: default
	...]
2019-03-08 18:07:42,741 [INFO] from org.hibernate.Version.logVersion(46) in restartedMain - HHH000412: Hibernate Core {5.3.7.Final}
2019-03-08 18:07:42,744 [INFO] from org.hibernate.cfg.Environment.<clinit>(213) in restartedMain - HHH000206: hibernate.properties not found
2019-03-08 18:07:42,933 [INFO] from org.hibernate.annotations.common.Version.<clinit>(49) in restartedMain - HCANN000001: Hibernate Commons Annotations {5.0.4.Final}
2019-03-08 18:07:43,097 [INFO] from org.hibernate.dialect.Dialect.<init>(157) in restartedMain - HHH000400: Using dialect: org.hibernate.dialect.MySQL5InnoDBDialect
2019-03-08 18:07:43,901 [INFO] from org.springframework.orm.jpa.LocalContainerEntityManagerFactoryBean.buildNativeEntityManagerFactory(415) in restartedMain - Initialized JPA EntityManagerFactory for persistence unit 'default'
2019-03-08 18:07:43,956 [INFO] from org.springframework.boot.devtools.autoconfigure.OptionalLiveReloadServer.startServer(57) in restartedMain - LiveReload server is running on port 35729
2019-03-08 18:07:44,889 [WARN] from org.springframework.boot.autoconfigure.orm.jpa.JpaBaseConfiguration$JpaWebConfiguration$JpaWebMvcConfiguration.openEntityManagerInViewInterceptor(236) in restartedMain - spring.jpa.open-in-view is enabled by default. Therefore, database queries may be performed during view rendering. Explicitly configure spring.jpa.open-in-view to disable this warning
2019-03-08 18:07:45,235 [INFO] from springfox.documentation.spring.web.PropertySourcedRequestMappingHandlerMapping.initHandlerMethods(69) in restartedMain - Mapped URL path [/v2/api-docs] onto method [public org.springframework.http.ResponseEntity<springfox.documentation.spring.web.json.Json> springfox.documentation.swagger2.web.Swagger2Controller.getDocumentation(java.lang.String,javax.servlet.http.HttpServletRequest)]
2019-03-08 18:07:45,422 [INFO] from org.springframework.scheduling.concurrent.ThreadPoolTaskExecutor.initialize(171) in restartedMain - Initializing ExecutorService 'applicationTaskExecutor'
2019-03-08 18:07:45,576 [INFO] from org.springframework.boot.autoconfigure.web.servlet.WelcomePageHandlerMapping.<init>(61) in restartedMain - Adding welcome page template: index
2019-03-08 18:07:45,706 [INFO] from springfox.documentation.spring.web.plugins.DocumentationPluginsBootstrapper.start(147) in restartedMain - Context refreshed
2019-03-08 18:07:45,728 [INFO] from springfox.documentation.spring.web.plugins.DocumentationPluginsBootstrapper.start(150) in restartedMain - Found 1 custom documentation plugin(s)
2019-03-08 18:07:45,817 [INFO] from springfox.documentation.spring.web.scanners.ApiListingReferenceScanner.scan(41) in restartedMain - Scanning for api listing references
2019-03-08 18:07:46,060 [INFO] from springfox.documentation.spring.web.readers.operation.CachingOperationNameGenerator.startingWith(40) in restartedMain - Generating unique operation named: showUpdateFormUsingGET_1
2019-03-08 18:07:46,114 [INFO] from org.springframework.boot.web.embedded.tomcat.TomcatWebServer.start(204) in restartedMain - Tomcat started on port(s): 8080 (http) with context path ''
2019-03-08 18:07:46,118 [INFO] from com.app.kotlinkcrud.KotlinkcrudApplicationKt.logStarted(59) in restartedMain - Started KotlinkcrudApplicationKt in 8.553 seconds (JVM running for 9.904)
2019-03-08 18:07:46,122 [INFO] from com.app.kotlinkcrud.KotlinkcrudApplication.main(28) in restartedMain - --Application Started--
2019-03-08 18:12:20,155 [INFO] from org.springframework.boot.test.context.SpringBootTestContextBootstrapper.buildDefaultMergedContextConfiguration(308) in main - Neither @ContextConfiguration nor @ContextHierarchy found for test class [com.app.kotlinkcrud.controllerTest.MainControllerTests], using SpringBootContextLoader
2019-03-08 18:12:20,169 [INFO] from org.springframework.test.context.support.AbstractContextLoader.generateDefaultLocations(264) in main - Could not detect default resource locations for test class [com.app.kotlinkcrud.controllerTest.MainControllerTests]: no resource found for suffixes {-context.xml, Context.groovy}.
2019-03-08 18:12:20,173 [INFO] from org.springframework.test.context.support.AnnotationConfigContextLoaderUtils.detectDefaultConfigurationClasses(83) in main - Could not detect default configuration classes for test class [com.app.kotlinkcrud.controllerTest.MainControllerTests]: MainControllerTests does not declare any static, non-private, non-final, nested classes annotated with @Configuration.
2019-03-08 18:12:20,679 [INFO] from org.springframework.boot.test.context.SpringBootTestContextBootstrapper.getOrFindConfigurationClasses(247) in main - Found @SpringBootConfiguration com.app.kotlinkcrud.KotlinkcrudApplication for test class com.app.kotlinkcrud.controllerTest.MainControllerTests
2019-03-08 18:12:20,918 [INFO] from org.springframework.boot.test.context.SpringBootTestContextBootstrapper.getDefaultTestExecutionListenerClassNames(248) in main - Loaded default TestExecutionListener class names from location [META-INF/spring.factories]: [com.ninjasquad.springmockk.MockkTestExecutionListener, com.ninjasquad.springmockk.ClearMocksTestExecutionListener, org.springframework.boot.test.autoconfigure.restdocs.RestDocsTestExecutionListener, org.springframework.boot.test.autoconfigure.web.client.MockRestServiceServerResetTestExecutionListener, org.springframework.boot.test.autoconfigure.web.servlet.MockMvcPrintOnlyOnFailureTestExecutionListener, org.springframework.boot.test.autoconfigure.web.servlet.WebDriverTestExecutionListener, org.springframework.boot.test.mock.mockito.MockitoTestExecutionListener, org.springframework.boot.test.mock.mockito.ResetMocksTestExecutionListener, org.springframework.test.context.web.ServletTestExecutionListener, org.springframework.test.context.support.DirtiesContextBeforeModesTestExecutionListener, org.springframework.test.context.support.DependencyInjectionTestExecutionListener, org.springframework.test.context.support.DirtiesContextTestExecutionListener, org.springframework.test.context.transaction.TransactionalTestExecutionListener, org.springframework.test.context.jdbc.SqlScriptsTestExecutionListener]
2019-03-08 18:12:21,634 [INFO] from org.springframework.boot.test.context.SpringBootTestContextBootstrapper.getTestExecutionListeners(177) in main - Using TestExecutionListeners: [org.springframework.test.context.web.ServletTestExecutionListener@44e3a2b2, org.springframework.test.context.support.DirtiesContextBeforeModesTestExecutionListener@101639ae, com.ninjasquad.springmockk.MockkTestExecutionListener@4c550889, org.springframework.boot.test.mock.mockito.MockitoTestExecutionListener@1d2bd371, org.springframework.boot.test.autoconfigure.SpringBootDependencyInjectionTestExecutionListener@44040454, org.springframework.test.context.support.DirtiesContextTestExecutionListener@65fe9e33, org.springframework.test.context.transaction.TransactionalTestExecutionListener@18bc345, org.springframework.test.context.jdbc.SqlScriptsTestExecutionListener@42f8285e, com.ninjasquad.springmockk.ClearMocksTestExecutionListener@26bab2f1, org.springframework.boot.test.autoconfigure.restdocs.RestDocsTestExecutionListener@3724af13, org.springframework.boot.test.autoconfigure.web.client.MockRestServiceServerResetTestExecutionListener@68ead359, org.springframework.boot.test.autoconfigure.web.servlet.MockMvcPrintOnlyOnFailureTestExecutionListener@6b53bcc2, org.springframework.boot.test.autoconfigure.web.servlet.WebDriverTestExecutionListener@180da663, org.springframework.boot.test.mock.mockito.ResetMocksTestExecutionListener@a43ce46]
2019-03-08 18:12:23,001 [INFO] from com.app.kotlinkcrud.controllerTest.MainControllerTests.logStarting(50) in main - Starting MainControllerTests on sharanjaa-HP with PID 20113 (started by sharanjaa in /home/sharanjaa/IdeaProjects/hms-kotlin-crud)
2019-03-08 18:12:23,003 [INFO] from com.app.kotlinkcrud.controllerTest.MainControllerTests.logStartupProfileInfo(675) in main - No active profile set, falling back to default profiles: default
2019-03-08 18:12:25,132 [INFO] from org.springframework.data.repository.config.RepositoryConfigurationDelegate.registerRepositoriesIn(126) in main - Bootstrapping Spring Data repositories in DEFAULT mode.
2019-03-08 18:12:25,272 [INFO] from org.springframework.data.repository.config.RepositoryConfigurationDelegate.registerRepositoriesIn(182) in main - Finished Spring Data repository scanning in 120ms. Found 1 repository interfaces.
2019-03-08 18:12:26,274 [INFO] from org.springframework.context.support.PostProcessorRegistrationDelegate$BeanPostProcessorChecker.postProcessAfterInitialization(330) in main - Bean 'org.springframework.transaction.annotation.ProxyTransactionManagementConfiguration' of type [org.springframework.transaction.annotation.ProxyTransactionManagementConfiguration$$EnhancerBySpringCGLIB$$7e055a39] is not eligible for getting processed by all BeanPostProcessors (for example: not eligible for auto-proxying)
2019-03-08 18:12:27,028 [INFO] from org.springframework.boot.web.embedded.tomcat.TomcatWebServer.initialize(90) in main - Tomcat initialized with port(s): 0 (http)
2019-03-08 18:12:27,264 [INFO] from org.springframework.web.context.ContextLoader.prepareWebApplicationContext(296) in main - Root WebApplicationContext: initialization completed in 4179 ms
2019-03-08 18:12:27,772 [INFO] from com.zaxxer.hikari.HikariDataSource.getConnection(110) in main - HikariPool-1 - Starting...
2019-03-08 18:12:28,015 [INFO] from com.zaxxer.hikari.HikariDataSource.getConnection(123) in main - HikariPool-1 - Start completed.
2019-03-08 18:12:28,117 [INFO] from org.hibernate.jpa.internal.util.LogHelper.logPersistenceUnitInformation(31) in main - HHH000204: Processing PersistenceUnitInfo [
	name: default
	...]
2019-03-08 18:12:28,256 [INFO] from org.hibernate.Version.logVersion(46) in main - HHH000412: Hibernate Core {5.3.7.Final}
2019-03-08 18:12:28,258 [INFO] from org.hibernate.cfg.Environment.<clinit>(213) in main - HHH000206: hibernate.properties not found
2019-03-08 18:12:28,437 [INFO] from org.hibernate.annotations.common.Version.<clinit>(49) in main - HCANN000001: Hibernate Commons Annotations {5.0.4.Final}
2019-03-08 18:12:28,612 [INFO] from org.hibernate.dialect.Dialect.<init>(157) in main - HHH000400: Using dialect: org.hibernate.dialect.MySQL5InnoDBDialect
2019-03-08 18:12:29,726 [INFO] from org.springframework.orm.jpa.LocalContainerEntityManagerFactoryBean.buildNativeEntityManagerFactory(415) in main - Initialized JPA EntityManagerFactory for persistence unit 'default'
2019-03-08 18:12:31,291 [WARN] from org.springframework.boot.autoconfigure.orm.jpa.JpaBaseConfiguration$JpaWebConfiguration$JpaWebMvcConfiguration.openEntityManagerInViewInterceptor(236) in main - spring.jpa.open-in-view is enabled by default. Therefore, database queries may be performed during view rendering. Explicitly configure spring.jpa.open-in-view to disable this warning
2019-03-08 18:12:31,718 [INFO] from springfox.documentation.spring.web.PropertySourcedRequestMappingHandlerMapping.initHandlerMethods(69) in main - Mapped URL path [/v2/api-docs] onto method [public org.springframework.http.ResponseEntity<springfox.documentation.spring.web.json.Json> springfox.documentation.swagger2.web.Swagger2Controller.getDocumentation(java.lang.String,javax.servlet.http.HttpServletRequest)]
2019-03-08 18:12:32,244 [INFO] from org.springframework.scheduling.concurrent.ThreadPoolTaskExecutor.initialize(171) in main - Initializing ExecutorService 'applicationTaskExecutor'
2019-03-08 18:12:32,571 [INFO] from org.springframework.boot.autoconfigure.web.servlet.WelcomePageHandlerMapping.<init>(61) in main - Adding welcome page template: index
2019-03-08 18:12:32,907 [INFO] from springfox.documentation.spring.web.plugins.DocumentationPluginsBootstrapper.start(147) in main - Context refreshed
2019-03-08 18:12:32,939 [INFO] from springfox.documentation.spring.web.plugins.DocumentationPluginsBootstrapper.start(150) in main - Found 1 custom documentation plugin(s)
2019-03-08 18:12:33,031 [INFO] from springfox.documentation.spring.web.scanners.ApiListingReferenceScanner.scan(41) in main - Scanning for api listing references
2019-03-08 18:12:33,371 [INFO] from springfox.documentation.spring.web.readers.operation.CachingOperationNameGenerator.startingWith(40) in main - Generating unique operation named: showUpdateFormUsingGET_1
2019-03-08 18:12:33,458 [INFO] from org.springframework.boot.web.embedded.tomcat.TomcatWebServer.start(204) in main - Tomcat started on port(s): 35989 (http) with context path ''
2019-03-08 18:12:33,462 [INFO] from com.app.kotlinkcrud.controllerTest.MainControllerTests.logStarted(59) in main - Started MainControllerTests in 11.758 seconds (JVM running for 14.927)
2019-03-08 18:12:33,996 [INFO] from org.springframework.web.servlet.DispatcherServlet.initServletBean(524) in http-nio-auto-1-exec-1 - Initializing Servlet 'dispatcherServlet'
2019-03-08 18:12:34,026 [INFO] from org.springframework.web.servlet.DispatcherServlet.initServletBean(546) in http-nio-auto-1-exec-1 - Completed initialization in 30 ms
2019-03-08 18:12:34,143 [INFO] from org.hibernate.hql.internal.QueryTranslatorFactoryInitiator.initiateService(47) in http-nio-auto-1-exec-1 - HHH000397: Using ASTQueryTranslatorFactory
2019-03-08 18:12:34,560 [INFO] from org.springframework.scheduling.concurrent.ThreadPoolTaskExecutor.shutdown(208) in Thread-4 - Shutting down ExecutorService 'applicationTaskExecutor'
2019-03-08 18:12:34,565 [INFO] from org.springframework.orm.jpa.LocalContainerEntityManagerFactoryBean.destroy(597) in Thread-4 - Closing JPA EntityManagerFactory for persistence unit 'default'
2019-03-08 18:12:34,569 [INFO] from com.zaxxer.hikari.HikariDataSource.close(350) in Thread-4 - HikariPool-1 - Shutdown initiated...
2019-03-08 18:12:34,578 [INFO] from com.zaxxer.hikari.HikariDataSource.close(352) in Thread-4 - HikariPool-1 - Shutdown completed.
2019-03-08 18:13:35,232 [INFO] from org.springframework.scheduling.concurrent.ThreadPoolTaskExecutor.shutdown(208) in Thread-26 - Shutting down ExecutorService 'applicationTaskExecutor'
2019-03-08 18:13:35,237 [INFO] from org.springframework.orm.jpa.LocalContainerEntityManagerFactoryBean.destroy(597) in Thread-26 - Closing JPA EntityManagerFactory for persistence unit 'default'
2019-03-08 18:13:35,241 [INFO] from com.zaxxer.hikari.HikariDataSource.close(350) in Thread-26 - HikariPool-1 - Shutdown initiated...
2019-03-08 18:13:35,249 [INFO] from com.zaxxer.hikari.HikariDataSource.close(352) in Thread-26 - HikariPool-1 - Shutdown completed.
2019-03-08 18:13:52,843 [INFO] from org.springframework.boot.test.context.SpringBootTestContextBootstrapper.buildDefaultMergedContextConfiguration(308) in main - Neither @ContextConfiguration nor @ContextHierarchy found for test class [com.app.kotlinkcrud.controllerTest.MainControllerTests], using SpringBootContextLoader
2019-03-08 18:13:52,854 [INFO] from org.springframework.test.context.support.AbstractContextLoader.generateDefaultLocations(264) in main - Could not detect default resource locations for test class [com.app.kotlinkcrud.controllerTest.MainControllerTests]: no resource found for suffixes {-context.xml, Context.groovy}.
2019-03-08 18:13:52,856 [INFO] from org.springframework.test.context.support.AnnotationConfigContextLoaderUtils.detectDefaultConfigurationClasses(83) in main - Could not detect default configuration classes for test class [com.app.kotlinkcrud.controllerTest.MainControllerTests]: MainControllerTests does not declare any static, non-private, non-final, nested classes annotated with @Configuration.
2019-03-08 18:13:53,196 [INFO] from org.springframework.boot.test.context.SpringBootTestContextBootstrapper.getOrFindConfigurationClasses(247) in main - Found @SpringBootConfiguration com.app.kotlinkcrud.KotlinkcrudApplication for test class com.app.kotlinkcrud.controllerTest.MainControllerTests
2019-03-08 18:13:53,436 [INFO] from org.springframework.boot.test.context.SpringBootTestContextBootstrapper.getDefaultTestExecutionListenerClassNames(248) in main - Loaded default TestExecutionListener class names from location [META-INF/spring.factories]: [com.ninjasquad.springmockk.MockkTestExecutionListener, com.ninjasquad.springmockk.ClearMocksTestExecutionListener, org.springframework.boot.test.autoconfigure.restdocs.RestDocsTestExecutionListener, org.springframework.boot.test.autoconfigure.web.client.MockRestServiceServerResetTestExecutionListener, org.springframework.boot.test.autoconfigure.web.servlet.MockMvcPrintOnlyOnFailureTestExecutionListener, org.springframework.boot.test.autoconfigure.web.servlet.WebDriverTestExecutionListener, org.springframework.boot.test.mock.mockito.MockitoTestExecutionListener, org.springframework.boot.test.mock.mockito.ResetMocksTestExecutionListener, org.springframework.test.context.web.ServletTestExecutionListener, org.springframework.test.context.support.DirtiesContextBeforeModesTestExecutionListener, org.springframework.test.context.support.DependencyInjectionTestExecutionListener, org.springframework.test.context.support.DirtiesContextTestExecutionListener, org.springframework.test.context.transaction.TransactionalTestExecutionListener, org.springframework.test.context.jdbc.SqlScriptsTestExecutionListener]
2019-03-08 18:13:54,165 [INFO] from org.springframework.boot.test.context.SpringBootTestContextBootstrapper.getTestExecutionListeners(177) in main - Using TestExecutionListeners: [org.springframework.test.context.web.ServletTestExecutionListener@44e3a2b2, org.springframework.test.context.support.DirtiesContextBeforeModesTestExecutionListener@101639ae, com.ninjasquad.springmockk.MockkTestExecutionListener@4c550889, org.springframework.boot.test.mock.mockito.MockitoTestExecutionListener@1d2bd371, org.springframework.boot.test.autoconfigure.SpringBootDependencyInjectionTestExecutionListener@44040454, org.springframework.test.context.support.DirtiesContextTestExecutionListener@65fe9e33, org.springframework.test.context.transaction.TransactionalTestExecutionListener@18bc345, org.springframework.test.context.jdbc.SqlScriptsTestExecutionListener@42f8285e, com.ninjasquad.springmockk.ClearMocksTestExecutionListener@26bab2f1, org.springframework.boot.test.autoconfigure.restdocs.RestDocsTestExecutionListener@3724af13, org.springframework.boot.test.autoconfigure.web.client.MockRestServiceServerResetTestExecutionListener@68ead359, org.springframework.boot.test.autoconfigure.web.servlet.MockMvcPrintOnlyOnFailureTestExecutionListener@6b53bcc2, org.springframework.boot.test.autoconfigure.web.servlet.WebDriverTestExecutionListener@180da663, org.springframework.boot.test.mock.mockito.ResetMocksTestExecutionListener@a43ce46]
2019-03-08 18:13:55,270 [INFO] from com.app.kotlinkcrud.controllerTest.MainControllerTests.logStarting(50) in main - Starting MainControllerTests on sharanjaa-HP with PID 20382 (started by sharanjaa in /home/sharanjaa/IdeaProjects/hms-kotlin-crud)
2019-03-08 18:13:55,271 [INFO] from com.app.kotlinkcrud.controllerTest.MainControllerTests.logStartupProfileInfo(675) in main - No active profile set, falling back to default profiles: default
2019-03-08 18:13:57,249 [INFO] from org.springframework.data.repository.config.RepositoryConfigurationDelegate.registerRepositoriesIn(126) in main - Bootstrapping Spring Data repositories in DEFAULT mode.
2019-03-08 18:13:57,362 [INFO] from org.springframework.data.repository.config.RepositoryConfigurationDelegate.registerRepositoriesIn(182) in main - Finished Spring Data repository scanning in 97ms. Found 1 repository interfaces.
2019-03-08 18:13:58,178 [INFO] from org.springframework.context.support.PostProcessorRegistrationDelegate$BeanPostProcessorChecker.postProcessAfterInitialization(330) in main - Bean 'org.springframework.transaction.annotation.ProxyTransactionManagementConfiguration' of type [org.springframework.transaction.annotation.ProxyTransactionManagementConfiguration$$EnhancerBySpringCGLIB$$c76c796a] is not eligible for getting processed by all BeanPostProcessors (for example: not eligible for auto-proxying)
2019-03-08 18:13:58,898 [INFO] from org.springframework.boot.web.embedded.tomcat.TomcatWebServer.initialize(90) in main - Tomcat initialized with port(s): 0 (http)
2019-03-08 18:13:59,134 [INFO] from org.springframework.web.context.ContextLoader.prepareWebApplicationContext(296) in main - Root WebApplicationContext: initialization completed in 3788 ms
2019-03-08 18:13:59,588 [INFO] from com.zaxxer.hikari.HikariDataSource.getConnection(110) in main - HikariPool-1 - Starting...
2019-03-08 18:13:59,787 [INFO] from com.zaxxer.hikari.HikariDataSource.getConnection(123) in main - HikariPool-1 - Start completed.
2019-03-08 18:13:59,903 [INFO] from org.hibernate.jpa.internal.util.LogHelper.logPersistenceUnitInformation(31) in main - HHH000204: Processing PersistenceUnitInfo [
	name: default
	...]
2019-03-08 18:14:00,043 [INFO] from org.hibernate.Version.logVersion(46) in main - HHH000412: Hibernate Core {5.3.7.Final}
2019-03-08 18:14:00,046 [INFO] from org.hibernate.cfg.Environment.<clinit>(213) in main - HHH000206: hibernate.properties not found
2019-03-08 18:14:00,327 [INFO] from org.hibernate.annotations.common.Version.<clinit>(49) in main - HCANN000001: Hibernate Commons Annotations {5.0.4.Final}
2019-03-08 18:14:00,536 [INFO] from org.hibernate.dialect.Dialect.<init>(157) in main - HHH000400: Using dialect: org.hibernate.dialect.MySQL5InnoDBDialect
2019-03-08 18:14:01,570 [INFO] from org.springframework.orm.jpa.LocalContainerEntityManagerFactoryBean.buildNativeEntityManagerFactory(415) in main - Initialized JPA EntityManagerFactory for persistence unit 'default'
2019-03-08 18:14:03,102 [WARN] from org.springframework.boot.autoconfigure.orm.jpa.JpaBaseConfiguration$JpaWebConfiguration$JpaWebMvcConfiguration.openEntityManagerInViewInterceptor(236) in main - spring.jpa.open-in-view is enabled by default. Therefore, database queries may be performed during view rendering. Explicitly configure spring.jpa.open-in-view to disable this warning
2019-03-08 18:14:03,503 [INFO] from springfox.documentation.spring.web.PropertySourcedRequestMappingHandlerMapping.initHandlerMethods(69) in main - Mapped URL path [/v2/api-docs] onto method [public org.springframework.http.ResponseEntity<springfox.documentation.spring.web.json.Json> springfox.documentation.swagger2.web.Swagger2Controller.getDocumentation(java.lang.String,javax.servlet.http.HttpServletRequest)]
2019-03-08 18:14:04,048 [INFO] from org.springframework.scheduling.concurrent.ThreadPoolTaskExecutor.initialize(171) in main - Initializing ExecutorService 'applicationTaskExecutor'
2019-03-08 18:14:04,414 [INFO] from org.springframework.boot.autoconfigure.web.servlet.WelcomePageHandlerMapping.<init>(61) in main - Adding welcome page template: index
2019-03-08 18:14:04,795 [INFO] from springfox.documentation.spring.web.plugins.DocumentationPluginsBootstrapper.start(147) in main - Context refreshed
2019-03-08 18:14:04,837 [INFO] from springfox.documentation.spring.web.plugins.DocumentationPluginsBootstrapper.start(150) in main - Found 1 custom documentation plugin(s)
2019-03-08 18:14:04,932 [INFO] from springfox.documentation.spring.web.scanners.ApiListingReferenceScanner.scan(41) in main - Scanning for api listing references
2019-03-08 18:14:05,283 [INFO] from springfox.documentation.spring.web.readers.operation.CachingOperationNameGenerator.startingWith(40) in main - Generating unique operation named: showUpdateFormUsingGET_1
2019-03-08 18:14:05,374 [INFO] from org.springframework.boot.web.embedded.tomcat.TomcatWebServer.start(204) in main - Tomcat started on port(s): 41851 (http) with context path ''
2019-03-08 18:14:05,382 [INFO] from com.app.kotlinkcrud.controllerTest.MainControllerTests.logStarted(59) in main - Started MainControllerTests in 11.171 seconds (JVM running for 13.975)
2019-03-08 18:14:05,958 [INFO] from org.springframework.web.servlet.DispatcherServlet.initServletBean(524) in http-nio-auto-1-exec-1 - Initializing Servlet 'dispatcherServlet'
2019-03-08 18:14:05,990 [INFO] from org.springframework.web.servlet.DispatcherServlet.initServletBean(546) in http-nio-auto-1-exec-1 - Completed initialization in 31 ms
2019-03-08 18:14:06,139 [INFO] from org.hibernate.hql.internal.QueryTranslatorFactoryInitiator.initiateService(47) in http-nio-auto-1-exec-1 - HHH000397: Using ASTQueryTranslatorFactory
2019-03-08 18:14:06,465 [INFO] from org.springframework.scheduling.concurrent.ThreadPoolTaskExecutor.shutdown(208) in Thread-4 - Shutting down ExecutorService 'applicationTaskExecutor'
2019-03-08 18:14:06,472 [INFO] from org.springframework.orm.jpa.LocalContainerEntityManagerFactoryBean.destroy(597) in Thread-4 - Closing JPA EntityManagerFactory for persistence unit 'default'
2019-03-08 18:14:06,476 [INFO] from com.zaxxer.hikari.HikariDataSource.close(350) in Thread-4 - HikariPool-1 - Shutdown initiated...
2019-03-08 18:14:06,492 [INFO] from com.zaxxer.hikari.HikariDataSource.close(352) in Thread-4 - HikariPool-1 - Shutdown completed.
